<?xml version="1.0" encoding="UTF-8"?>
<!-- Generated by org.testng.reporters.JUnitReportReporter -->
<testsuite skipped="0" hostname="DESKTOP-284LI0T" name="purcahseAmount" tests="1" failures="0" timestamp="2021-09-17T17:00:15 CDT" time="0.828" errors="0">
  <testcase name="totalcost" time="0.828" classname="purcahseAmount"/>
  <system-out/>
</testsuite> <!-- purcahseAmount -->
