<?xml version="1.0" encoding="UTF-8"?>
<!-- Generated by org.testng.reporters.JUnitReportReporter -->
<testsuite skipped="0" hostname="DESKTOP-284LI0T" name="Reqres" tests="1" failures="0" timestamp="2021-09-14T12:11:44 CDT" time="3.910" errors="0">
  <testcase name="reqres" time="3.910" classname="Reqres"/>
  <system-out/>
</testsuite> <!-- Reqres -->
