<?xml version="1.0" encoding="UTF-8"?>
<!-- Generated by org.testng.reporters.JUnitReportReporter -->
<testsuite skipped="0" hostname="DESKTOP-284LI0T" name="Jira" tests="1" failures="0" timestamp="2021-09-15T14:43:51 CDT" time="2.064" errors="0">
  <testcase name="jira" time="2.064" classname="Jira"/>
  <system-out/>
</testsuite> <!-- Jira -->
